https://villaarzan.com/images/curve.png
https://villaarzan.com/images/logo-white.svg
https://villaarzan.com/images/logo-white.svg
http://villarzan.com/media_file/_EJ7KKJE05R_TqC8Xv3.jpg
https://villaarzan.com/images/watermark.png
http://villarzan.com/media_file/_TWP7N2PSAH_C2UIb35.jpg
https://villaarzan.com/images/watermark.png
http://villarzan.com/media_file/_JNJGNJTC19_cZ7UkND.jpg
https://villaarzan.com/images/watermark.png
http://villarzan.com/media_file/_40LTGB3JBW_ydp9XNg.jpg
https://villaarzan.com/images/watermark.png
http://villarzan.com/media_file/_EAKGBJTRPM_jFC9Atr.jpg
https://villaarzan.com/images/watermark.png
http://villarzan.com/media_file/_TWP7N2PSAH_oxMRa9G.jpg
https://villaarzan.com/images/watermark.png
http://villarzan.com/media_file/_TWP7N2PSAH_oxMRa9G.jpg
https://villaarzan.com/images/watermark.png
http://villarzan.com/media_file/_EJ7KKJE05R_TqC8Xv3.jpg
https://villaarzan.com/images/watermark.png
http://villarzan.com/media_file/_TWP7N2PSAH_C2UIb35.jpg
https://villaarzan.com/images/watermark.png
http://villarzan.com/media_file/_JNJGNJTC19_cZ7UkND.jpg
https://villaarzan.com/images/watermark.png
http://villarzan.com/media_file/_40LTGB3JBW_ydp9XNg.jpg
https://villaarzan.com/images/watermark.png
http://villarzan.com/media_file/_EAKGBJTRPM_jFC9Atr.jpg
https://villaarzan.com/images/watermark.png
http://villarzan.com/media_file/_TWP7N2PSAH_oxMRa9G.jpg
https://villaarzan.com/images/watermark.png
http://villarzan.com/media_file/_EJ7KKJE05R_TqC8Xv3.jpg
https://villaarzan.com/images/watermark.png
https://villaarzan.com/images/arrow-right.svg
https://villaarzan.com/images/arrow-left.svg
https://villaarzan.com/images/arrow-right.svg
https://villaarzan.com/images/arrow-left.svg
https://villaarzan.com/_next/image?url=%2Fimages%2Fnor.png&w=3840&q=75
https://villaarzan.com/_next/image?url=%2Fimages%2Fchamestan.png&w=3840&q=75
https://villaarzan.com/_next/image?url=%2Fimages%2Fmahmodabad.png&w=3840&q=75
https://villaarzan.com/_next/image?url=%2Fimages%2Famol.png&w=3840&q=75
https://villaarzan.com/_next/image?url=%2Fimages%2Fnoshahr.png&w=3840&q=75
https://villaarzan.com/_next/image?url=%2Fimages%2Fsorkhrod.png&w=3840&q=75
https://villaarzan.com/_next/image?url=%2Fimages%2Fnor.png&w=3840&q=75
https://villaarzan.com/_next/image?url=%2Fimages%2Fchamestan.png&w=3840&q=75
https://villaarzan.com/_next/image?url=%2Fimages%2Fmahmodabad.png&w=3840&q=75
https://villaarzan.com/_next/image?url=%2Fimages%2Famol.png&w=3840&q=75
https://villaarzan.com/_next/image?url=%2Fimages%2Fnoshahr.png&w=3840&q=75
https://villaarzan.com/_next/image?url=%2Fimages%2Fsorkhrod.png&w=3840&q=75
https://villaarzan.com/_next/image?url=%2Fimages%2Fnor.png&w=3840&q=75
https://villaarzan.com/_next/image?url=%2Fimages%2Fchamestan.png&w=3840&q=75
https://villaarzan.com/_next/image?url=%2Fimages%2Fmahmodabad.png&w=3840&q=75
https://villaarzan.com/_next/image?url=%2Fimages%2Famol.png&w=3840&q=75
https://villaarzan.com/_next/image?url=%2Fimages%2Fnoshahr.png&w=3840&q=75
https://villaarzan.com/_next/image?url=%2Fimages%2Fsorkhrod.png&w=3840&q=75
https://villaarzan.com/images/arrow-right.svg
https://villaarzan.com/images/arrow-left.svg
http://villarzan.com/media_file/profile.png
http://villarzan.com/media_file/_O2MVRJTGY7_gmk2xJd.jpg
http://villarzan.com/media_file/profile.png
http://villarzan.com/media_file/profile.png
http://villarzan.com/media_file/profile.png
http://villarzan.com/media_file/_O2MVRJTGY7_gmk2xJd.jpg
https://villaarzan.com/images/arrow-right.svg
https://villaarzan.com/images/arrow-left.svg
https://villaarzan.com/images/type-3.png
https://villaarzan.com/images/type-2.png
https://villaarzan.com/images/type-1.png
http://villarzan.com/media_file/profile.png
http://villarzan.com/media_file/profile.png
http://villarzan.com/media_file/profile.png
http://villarzan.com/media_file/profile.png
http://villarzan.com/media_file/profile.png
http://villarzan.com/media_file/profile.png
https://villaarzan.com/images/arrow-right.svg
https://villaarzan.com/images/arrow-left.svg
https://villaarzan.com/images/ad-banner.png
https://villaarzan.com/images/curve2.png
https://villaarzan.com/images/e-namad.png
https://villaarzan.com/images/zarinpal.png
https://villaarzan.com/images/curve.pnghttps://villaarzan.com/images/logo-white.svghttps://villaarzan.com/images/logo-white.svghttp://villarzan.com/media_file/_EJ7KKJE05R_TqC8Xv3.jpghttps://villaarzan.com/images/watermark.pnghttp://villarzan.com/media_file/_TWP7N2PSAH_C2UIb35.jpghttps://villaarzan.com/images/watermark.pnghttp://villarzan.com/media_file/_JNJGNJTC19_cZ7UkND.jpghttps://villaarzan.com/images/watermark.pnghttp://villarzan.com/media_file/_40LTGB3JBW_ydp9XNg.jpghttps://villaarzan.com/images/watermark.pnghttp://villarzan.com/media_file/_EAKGBJTRPM_jFC9Atr.jpghttps://villaarzan.com/images/watermark.pnghttp://villarzan.com/media_file/_TWP7N2PSAH_oxMRa9G.jpghttps://villaarzan.com/images/watermark.pnghttp://villarzan.com/media_file/_TWP7N2PSAH_oxMRa9G.jpghttps://villaarzan.com/images/watermark.pnghttp://villarzan.com/media_file/_EJ7KKJE05R_TqC8Xv3.jpghttps://villaarzan.com/images/watermark.pnghttp://villarzan.com/media_file/_TWP7N2PSAH_C2UIb35.jpghttps://villaarzan.com/images/watermark.pnghttp://villarzan.com/media_file/_JNJGNJTC19_cZ7UkND.jpghttps://villaarzan.com/images/watermark.pnghttp://villarzan.com/media_file/_40LTGB3JBW_ydp9XNg.jpghttps://villaarzan.com/images/watermark.pnghttp://villarzan.com/media_file/_EAKGBJTRPM_jFC9Atr.jpghttps://villaarzan.com/images/watermark.pnghttp://villarzan.com/media_file/_TWP7N2PSAH_oxMRa9G.jpghttps://villaarzan.com/images/watermark.pnghttp://villarzan.com/media_file/_EJ7KKJE05R_TqC8Xv3.jpghttps://villaarzan.com/images/watermark.pnghttps://villaarzan.com/images/arrow-right.svghttps://villaarzan.com/images/arrow-left.svghttps://villaarzan.com/images/arrow-right.svghttps://villaarzan.com/images/arrow-left.svghttps://villaarzan.com/_next/image?url=%2Fimages%2Fnor.png&w=3840&q=75https://villaarzan.com/_next/image?url=%2Fimages%2Fchamestan.png&w=3840&q=75https://villaarzan.com/_next/image?url=%2Fimages%2Fmahmodabad.png&w=3840&q=75https://villaarzan.com/_next/image?url=%2Fimages%2Famol.png&w=3840&q=75https://villaarzan.com/_next/image?url=%2Fimages%2Fnoshahr.png&w=3840&q=75https://villaarzan.com/_next/image?url=%2Fimages%2Fsorkhrod.png&w=3840&q=75https://villaarzan.com/_next/image?url=%2Fimages%2Fnor.png&w=3840&q=75https://villaarzan.com/_next/image?url=%2Fimages%2Fchamestan.png&w=3840&q=75https://villaarzan.com/_next/image?url=%2Fimages%2Fmahmodabad.png&w=3840&q=75https://villaarzan.com/_next/image?url=%2Fimages%2Famol.png&w=3840&q=75https://villaarzan.com/_next/image?url=%2Fimages%2Fnoshahr.png&w=3840&q=75https://villaarzan.com/_next/image?url=%2Fimages%2Fsorkhrod.png&w=3840&q=75https://villaarzan.com/_next/image?url=%2Fimages%2Fnor.png&w=3840&q=75https://villaarzan.com/_next/image?url=%2Fimages%2Fchamestan.png&w=3840&q=75https://villaarzan.com/_next/image?url=%2Fimages%2Fmahmodabad.png&w=3840&q=75https://villaarzan.com/_next/image?url=%2Fimages%2Famol.png&w=3840&q=75https://villaarzan.com/_next/image?url=%2Fimages%2Fnoshahr.png&w=3840&q=75https://villaarzan.com/_next/image?url=%2Fimages%2Fsorkhrod.png&w=3840&q=75https://villaarzan.com/images/arrow-right.svghttps://villaarzan.com/images/arrow-left.svghttp://villarzan.com/media_file/profile.pnghttp://villarzan.com/media_file/_O2MVRJTGY7_gmk2xJd.jpghttp://villarzan.com/media_file/profile.pnghttp://villarzan.com/media_file/profile.pnghttp://villarzan.com/media_file/profile.pnghttp://villarzan.com/media_file/_O2MVRJTGY7_gmk2xJd.jpghttps://villaarzan.com/images/arrow-right.svghttps://villaarzan.com/images/arrow-left.svghttps://villaarzan.com/images/type-3.pnghttps://villaarzan.com/images/type-2.pnghttps://villaarzan.com/images/type-1.pnghttp://villarzan.com/media_file/profile.pnghttp://villarzan.com/media_file/profile.pnghttp://villarzan.com/media_file/profile.pnghttp://villarzan.com/media_file/profile.pnghttp://villarzan.com/media_file/profile.pnghttp://villarzan.com/media_file/profile.pnghttps://villaarzan.com/images/arrow-right.svghttps://villaarzan.com/images/arrow-left.svghttps://villaarzan.com/images/ad-banner.pnghttps://villaarzan.com/images/curve2.pnghttps://villaarzan.com/images/e-namad.pnghttps://villaarzan.com/images/zarinpal.png